This is pdfTeX, Version 3.141592653-2.6-1.40.29 (TeX Live 2026) (preloaded format=pdflatex 2026.3.1)  19 MAY 2026 00:14
entering extended mode
 restricted \write18 enabled.
 %&-line parsing enabled.
**paper_sanomap_radiomics_layer.tex
(./paper_sanomap_radiomics_layer.tex
LaTeX2e <2025-11-01>
L3 programming layer <2026-01-19>
(/usr/local/texlive/2026basic/texmf-dist/tex/latex/base/article.cls
Document Class: article 2025/01/22 v1.4n Standard LaTeX document class
(/usr/local/texlive/2026basic/texmf-dist/tex/latex/base/size10.clo
File: size10.clo 2025/01/22 v1.4n Standard LaTeX file (size option)
)
\c@part=\count275
\c@section=\count276
\c@subsection=\count277
\c@subsubsection=\count278
\c@paragraph=\count279
\c@subparagraph=\count280
\c@figure=\count281
\c@table=\count282
\abovecaptionskip=\skip49
\belowcaptionskip=\skip50
\bibindent=\dimen148
)
(/usr/local/texlive/2026basic/texmf-dist/tex/latex/base/inputenc.sty
Package: inputenc 2024/02/08 v1.3d Input encoding file
\inpenc@prehook=\toks17
\inpenc@posthook=\toks18
)
(/usr/local/texlive/2026basic/texmf-dist/tex/latex/base/fontenc.sty
Package: fontenc 2025/07/18 v2.1d Standard LaTeX package
)
(/usr/local/texlive/2026basic/texmf-dist/tex/latex/geometry/geometry.sty
Package: geometry 2020/01/02 v5.9 Page Geometry

(/usr/local/texlive/2026basic/texmf-dist/tex/latex/graphics/keyval.sty
Package: keyval 2022/05/29 v1.15 key=value parser (DPC)
\KV@toks@=\toks19
)
(/usr/local/texlive/2026basic/texmf-dist/tex/generic/iftex/ifvtex.sty
Package: ifvtex 2019/10/25 v1.7 ifvtex legacy package. Use iftex instead.

(/usr/local/texlive/2026basic/texmf-dist/tex/generic/iftex/iftex.sty
Package: iftex 2024/12/12 v1.0g TeX engine tests
))
\Gm@cnth=\count283
\Gm@cntv=\count284
\c@Gm@tempcnt=\count285
\Gm@bindingoffset=\dimen149
\Gm@wd@mp=\dimen150
\Gm@odd@mp=\dimen151
\Gm@even@mp=\dimen152
\Gm@layoutwidth=\dimen153
\Gm@layoutheight=\dimen154
\Gm@layouthoffset=\dimen155
\Gm@layoutvoffset=\dimen156
\Gm@dimlist=\toks20
)
(/usr/local/texlive/2026basic/texmf-dist/tex/latex/titlesec/titlesec.sty
Package: titlesec 2025/01/04 v2.17 Sectioning titles
\ttl@box=\box53
\beforetitleunit=\skip51
\aftertitleunit=\skip52
\ttl@plus=\dimen157
\ttl@minus=\dimen158
\ttl@toksa=\toks21
\titlewidth=\dimen159
\titlewidthlast=\dimen160
\titlewidthfirst=\dimen161
)
(/usr/local/texlive/2026basic/texmf-dist/tex/latex/enumitem/enumitem.sty
Package: enumitem 2025/02/06 v3.11 Customized lists
\labelindent=\skip53
\enit@outerparindent=\dimen162
\enit@toks=\toks22
\enit@inbox=\box54
\enit@count@id=\count286
\enitdp@description=\count287
)
(/usr/local/texlive/2026basic/texmf-dist/tex/latex/booktabs/booktabs.sty
Package: booktabs 2020/01/12 v1.61803398 Publication quality tables
\heavyrulewidth=\dimen163
\lightrulewidth=\dimen164
\cmidrulewidth=\dimen165
\belowrulesep=\dimen166
\belowbottomsep=\dimen167
\aboverulesep=\dimen168
\abovetopsep=\dimen169
\cmidrulesep=\dimen170
\cmidrulekern=\dimen171
\defaultaddspace=\dimen172
\@cmidla=\count288
\@cmidlb=\count289
\@aboverulesep=\dimen173
\@belowrulesep=\dimen174
\@thisruleclass=\count290
\@lastruleclass=\count291
\@thisrulewidth=\dimen175
)
(/usr/local/texlive/2026basic/texmf-dist/tex/latex/amsmath/amsmath.sty
Package: amsmath 2025/07/09 v2.17z AMS math features
\@mathmargin=\skip54

For additional information on amsmath, use the `?' option.
(/usr/local/texlive/2026basic/texmf-dist/tex/latex/amsmath/amstext.sty
Package: amstext 2024/11/17 v2.01 AMS text

(/usr/local/texlive/2026basic/texmf-dist/tex/latex/amsmath/amsgen.sty
File: amsgen.sty 1999/11/30 v2.0 generic functions
\@emptytoks=\toks23
\ex@=\dimen176
))
(/usr/local/texlive/2026basic/texmf-dist/tex/latex/amsmath/amsbsy.sty
Package: amsbsy 1999/11/29 v1.2d Bold Symbols
\pmbraise@=\dimen177
)
(/usr/local/texlive/2026basic/texmf-dist/tex/latex/amsmath/amsopn.sty
Package: amsopn 2022/04/08 v2.04 operator names
)
\inf@bad=\count292
LaTeX Info: Redefining \frac on input line 233.
\uproot@=\count293
\leftroot@=\count294
LaTeX Info: Redefining \overline on input line 398.
LaTeX Info: Redefining \colon on input line 409.
\classnum@=\count295
\DOTSCASE@=\count296
LaTeX Info: Redefining \ldots on input line 495.
LaTeX Info: Redefining \dots on input line 498.
LaTeX Info: Redefining \cdots on input line 619.
\Mathstrutbox@=\box55
\strutbox@=\box56
LaTeX Info: Redefining \big on input line 721.
LaTeX Info: Redefining \Big on input line 722.
LaTeX Info: Redefining \bigg on input line 723.
LaTeX Info: Redefining \Bigg on input line 724.
\big@size=\dimen178
LaTeX Font Info:    Redeclaring font encoding OML on input line 742.
LaTeX Font Info:    Redeclaring font encoding OMS on input line 743.
\macc@depth=\count297
LaTeX Info: Redefining \bmod on input line 904.
LaTeX Info: Redefining \pmod on input line 909.
LaTeX Info: Redefining \smash on input line 939.
LaTeX Info: Redefining \relbar on input line 969.
LaTeX Info: Redefining \Relbar on input line 970.
\c@MaxMatrixCols=\count298
\dotsspace@=\muskip17
\c@parentequation=\count299
\dspbrk@lvl=\count300
\tag@help=\toks24
\row@=\count301
\column@=\count302
\maxfields@=\count303
\andhelp@=\toks25
\eqnshift@=\dimen179
\alignsep@=\dimen180
\tagshift@=\dimen181
\tagwidth@=\dimen182
\totwidth@=\dimen183
\lineht@=\dimen184
\@envbody=\toks26
\multlinegap=\skip55
\multlinetaggap=\skip56
\mathdisplay@stack=\toks27
LaTeX Info: Redefining \[ on input line 2950.
LaTeX Info: Redefining \] on input line 2951.
)
(/usr/local/texlive/2026basic/texmf-dist/tex/latex/amsfonts/amssymb.sty
Package: amssymb 2013/01/14 v3.01 AMS font symbols

(/usr/local/texlive/2026basic/texmf-dist/tex/latex/amsfonts/amsfonts.sty
Package: amsfonts 2013/01/14 v3.01 Basic AMSFonts support
\symAMSa=\mathgroup4
\symAMSb=\mathgroup5
LaTeX Font Info:    Redeclaring math symbol \hbar on input line 98.
LaTeX Font Info:    Overwriting math alphabet `\mathfrak' in version `bold'
(Font)                  U/euf/m/n --> U/euf/b/n on input line 106.
))
(/usr/local/texlive/2026basic/texmf-dist/tex/latex/hyperref/hyperref.sty
Package: hyperref 2026-01-29 v7.01p Hypertext links for LaTeX

(/usr/local/texlive/2026basic/texmf-dist/tex/latex/kvsetkeys/kvsetkeys.sty
Package: kvsetkeys 2022-10-05 v1.19 Key value parser (HO)
)
(/usr/local/texlive/2026basic/texmf-dist/tex/generic/kvdefinekeys/kvdefinekeys.
sty
Package: kvdefinekeys 2019-12-19 v1.6 Define keys (HO)
)
(/usr/local/texlive/2026basic/texmf-dist/tex/generic/pdfescape/pdfescape.sty
Package: pdfescape 2019/12/09 v1.15 Implements pdfTeX's escape features (HO)

(/usr/local/texlive/2026basic/texmf-dist/tex/generic/ltxcmds/ltxcmds.sty
Package: ltxcmds 2023-12-04 v1.26 LaTeX kernel commands for general use (HO)
)
(/usr/local/texlive/2026basic/texmf-dist/tex/generic/pdftexcmds/pdftexcmds.sty
Package: pdftexcmds 2020-06-27 v0.33 Utility functions of pdfTeX for LuaTeX (HO
)

(/usr/local/texlive/2026basic/texmf-dist/tex/generic/infwarerr/infwarerr.sty
Package: infwarerr 2019/12/03 v1.5 Providing info/warning/error messages (HO)
)
Package pdftexcmds Info: \pdf@primitive is available.
Package pdftexcmds Info: \pdf@ifprimitive is available.
Package pdftexcmds Info: \pdfdraftmode found.
)) (/usr/local/texlive/2026basic/texmf-dist/tex/latex/hycolor/hycolor.sty
Package: hycolor 2020-01-27 v1.10 Color options for hyperref/bookmark (HO)
)
(/usr/local/texlive/2026basic/texmf-dist/tex/latex/hyperref/nameref.sty
Package: nameref 2026-01-29 v2.58 Cross-referencing by name of section

(/usr/local/texlive/2026basic/texmf-dist/tex/latex/refcount/refcount.sty
Package: refcount 2019/12/15 v3.6 Data extraction from label references (HO)
)
(/usr/local/texlive/2026basic/texmf-dist/tex/generic/gettitlestring/gettitlestr
ing.sty
Package: gettitlestring 2019/12/15 v1.6 Cleanup title references (HO)

(/usr/local/texlive/2026basic/texmf-dist/tex/latex/kvoptions/kvoptions.sty
Package: kvoptions 2022-06-15 v3.15 Key value format for package options (HO)
))
\c@section@level=\count304
)
(/usr/local/texlive/2026basic/texmf-dist/tex/latex/etoolbox/etoolbox.sty
Package: etoolbox 2025/10/02 v2.5m e-TeX tools for LaTeX (JAW)
\etb@tempcnta=\count305
)
(/usr/local/texlive/2026basic/texmf-dist/tex/generic/stringenc/stringenc.sty
Package: stringenc 2019/11/29 v1.12 Convert strings between diff. encodings (HO
)
)
\@linkdim=\dimen185
\Hy@linkcounter=\count306
\Hy@pagecounter=\count307

(/usr/local/texlive/2026basic/texmf-dist/tex/latex/hyperref/pd1enc.def
File: pd1enc.def 2026-01-29 v7.01p Hyperref: PDFDocEncoding definition (HO)
Now handling font encoding PD1 ...
... no UTF-8 mapping file for font encoding PD1
)
(/usr/local/texlive/2026basic/texmf-dist/tex/generic/intcalc/intcalc.sty
Package: intcalc 2019/12/15 v1.3 Expandable calculations with integers (HO)
)
\Hy@SavedSpaceFactor=\count308

(/usr/local/texlive/2026basic/texmf-dist/tex/latex/hyperref/puenc.def
File: puenc.def 2026-01-29 v7.01p Hyperref: PDF Unicode definition (HO)
Now handling font encoding PU ...
... no UTF-8 mapping file for font encoding PU
)
Package hyperref Info: Hyper figures OFF on input line 4201.
Package hyperref Info: Link nesting OFF on input line 4206.
Package hyperref Info: Hyper index ON on input line 4209.
Package hyperref Info: Plain pages OFF on input line 4216.
Package hyperref Info: Backreferencing OFF on input line 4221.
Package hyperref Info: Implicit mode ON; LaTeX internals redefined.
Package hyperref Info: Bookmarks ON on input line 4468.
\c@Hy@tempcnt=\count309

(/usr/local/texlive/2026basic/texmf-dist/tex/latex/url/url.sty
\Urlmuskip=\muskip18
Package: url 2013/09/16  ver 3.4  Verb mode for urls, etc.
)
LaTeX Info: Redefining \url on input line 4807.
\XeTeXLinkMargin=\dimen186

(/usr/local/texlive/2026basic/texmf-dist/tex/generic/bitset/bitset.sty
Package: bitset 2019/12/09 v1.3 Handle bit-vector datatype (HO)

(/usr/local/texlive/2026basic/texmf-dist/tex/generic/bigintcalc/bigintcalc.sty
Package: bigintcalc 2019/12/15 v1.5 Expandable calculations on big integers (HO
)
))
\Fld@menulength=\count310
\Field@Width=\dimen187
\Fld@charsize=\dimen188
Package hyperref Info: Hyper figures OFF on input line 6084.
Package hyperref Info: Link nesting OFF on input line 6089.
Package hyperref Info: Hyper index ON on input line 6092.
Package hyperref Info: backreferencing OFF on input line 6099.
Package hyperref Info: Link coloring OFF on input line 6104.
Package hyperref Info: Link coloring with OCG OFF on input line 6109.
Package hyperref Info: PDF/A mode OFF on input line 6114.
\Hy@abspage=\count311
\c@Item=\count312
\c@Hfootnote=\count313
)
Package hyperref Info: Driver (autodetected): hpdftex.
 (/usr/local/texlive/2026basic/texmf-dist/tex/latex/hyperref/hpdftex.def
File: hpdftex.def 2026-01-29 v7.01p Hyperref driver for pdfTeX
\Fld@listcount=\count314
\c@bookmark@seq@number=\count315

(/usr/local/texlive/2026basic/texmf-dist/tex/latex/rerunfilecheck/rerunfilechec
k.sty
Package: rerunfilecheck 2025-06-21 v1.11 Rerun checks for auxiliary files (HO)

(/usr/local/texlive/2026basic/texmf-dist/tex/generic/uniquecounter/uniquecounte
r.sty
Package: uniquecounter 2019/12/15 v1.4 Provide unlimited unique counter (HO)
)
Package uniquecounter Info: New unique counter `rerunfilecheck' on input line 2
84.
)
\Hy@SectionHShift=\skip57
)
(/usr/local/texlive/2026basic/texmf-dist/tex/latex/l3backend/l3backend-pdftex.d
ef
File: l3backend-pdftex.def 2025-10-09 L3 backend support: PDF output (pdfTeX)
\l__color_backend_stack_int=\count316
) (./paper_sanomap_radiomics_layer.aux)
\openout1 = `paper_sanomap_radiomics_layer.aux'.

LaTeX Font Info:    Checking defaults for OML/cmm/m/it on input line 48.
LaTeX Font Info:    ... okay on input line 48.
LaTeX Font Info:    Checking defaults for OMS/cmsy/m/n on input line 48.
LaTeX Font Info:    ... okay on input line 48.
LaTeX Font Info:    Checking defaults for OT1/cmr/m/n on input line 48.
LaTeX Font Info:    ... okay on input line 48.
LaTeX Font Info:    Checking defaults for T1/cmr/m/n on input line 48.
LaTeX Font Info:    ... okay on input line 48.
LaTeX Font Info:    Checking defaults for TS1/cmr/m/n on input line 48.
LaTeX Font Info:    ... okay on input line 48.
LaTeX Font Info:    Checking defaults for OMX/cmex/m/n on input line 48.
LaTeX Font Info:    ... okay on input line 48.
LaTeX Font Info:    Checking defaults for U/cmr/m/n on input line 48.
LaTeX Font Info:    ... okay on input line 48.
LaTeX Font Info:    Checking defaults for PD1/pdf/m/n on input line 48.
LaTeX Font Info:    ... okay on input line 48.
LaTeX Font Info:    Checking defaults for PU/pdf/m/n on input line 48.
LaTeX Font Info:    ... okay on input line 48.

*geometry* driver: auto-detecting
*geometry* detected driver: pdftex
*geometry* verbose mode - [ preamble ] result:
* driver: pdftex
* paper: letterpaper
* layout: <same size as paper>
* layoutoffset:(h,v)=(0.0pt,0.0pt)
* modes: 
* h-part:(L,W,R)=(54.2025pt, 505.89pt, 54.2025pt)
* v-part:(T,H,B)=(54.2025pt, 686.56499pt, 54.2025pt)
* \paperwidth=614.295pt
* \paperheight=794.96999pt
* \textwidth=505.89pt
* \textheight=686.56499pt
* \oddsidemargin=-18.06749pt
* \evensidemargin=-18.06749pt
* \topmargin=-55.06749pt
* \headheight=12.0pt
* \headsep=25.0pt
* \topskip=10.0pt
* \footskip=30.0pt
* \marginparwidth=4.0pt
* \marginparsep=10.0pt
* \columnsep=20.2355pt
* \skip\footins=9.0pt plus 4.0pt minus 2.0pt
* \hoffset=0.0pt
* \voffset=0.0pt
* \mag=1000
* \@twocolumntrue
* \@twosidefalse
* \@mparswitchfalse
* \@reversemarginfalse
* (1in=72.27pt=25.4mm, 1cm=28.453pt)

Package hyperref Info: Link coloring OFF on input line 48.
(./paper_sanomap_radiomics_layer.out) (./paper_sanomap_radiomics_layer.out)
\@outlinefile=\write3
\openout3 = `paper_sanomap_radiomics_layer.out'.

LaTeX Font Info:    Trying to load font information for U+msa on input line 93.


(/usr/local/texlive/2026basic/texmf-dist/tex/latex/amsfonts/umsa.fd
File: umsa.fd 2013/01/14 v3.01 AMS symbols A
)
LaTeX Font Info:    Trying to load font information for U+msb on input line 93.


(/usr/local/texlive/2026basic/texmf-dist/tex/latex/amsfonts/umsb.fd
File: umsb.fd 2013/01/14 v3.01 AMS symbols B
)
Underfull \vbox (badness 10000) has occurred while \output is active []


Underfull \vbox (badness 10000) has occurred while \output is active []

 [1{/usr/local/texlive/2026basic/texmf-var/fonts/map/pdftex/updmap/pdftex.map}


]
Underfull \hbox (badness 10000) in paragraph at lines 152--155
\T1/cmr/m/n/10 MINERVA's cur-rent graph en-codes
 []


Underfull \hbox (badness 1527) in paragraph at lines 152--155
\T1/cmtt/m/n/10 (Microbe)$\OMS/cmsy/m/n/10 !$\T1/cmtt/m/n/10 [ASSOCIATED_WITH]$
\OMS/cmsy/m/n/10 !$\T1/cmtt/m/n/10 (Disease)\T1/cmr/m/n/10 . This
 []


Underfull \hbox (badness 1552) in paragraph at lines 152--155
\T1/cmr/m/n/10 edge is clin-i-cally un-der-spec-i-fied. The bi-o-log-i-cally
 []


Underfull \hbox (badness 5756) in paragraph at lines 177--184
\T1/cmr/m/n/10 Node types ex-tend MIN-ERVA: \T1/cmtt/m/n/10 RadiomicFeature
 []


Underfull \hbox (badness 1990) in paragraph at lines 177--184
\T1/cmr/m/n/10 (tex-ture, mor-pho-log-i-cal, in-ten-sity features---GLCM,
 []


Underfull \hbox (badness 2828) in paragraph at lines 177--184
\T1/cmtt/m/n/10 ImagingModality\T1/cmr/m/n/10 ; \T1/cmtt/m/n/10 ImageRef \T1/cm
r/m/n/10 (ver-i-fied fig-ure ref-er-
 []


Underfull \hbox (badness 2393) in paragraph at lines 177--184
\T1/cmr/m/n/10 ences with Vi-sion Track prove-nance); \T1/cmtt/m/n/10 Microbe \
T1/cmr/m/n/10 /
 []


Underfull \hbox (badness 10000) in paragraph at lines 185--196
[]\T1/cmr/m/n/10 The direct-evidence edge pol-icy is de-
 []


Underfull \hbox (badness 10000) in paragraph at lines 185--196
\T1/cmr/m/n/10 lib-er-ately evidence-typed: quan-ti-ta-tively
 []


Underfull \hbox (badness 10000) in paragraph at lines 185--196
\T1/cmr/m/n/10 ver-i-fied microbe$\OMS/cmsy/m/n/10 !$\T1/cmr/m/n/10 feature edg
es (a vision-
 []


Underfull \hbox (badness 10000) in paragraph at lines 185--196
\T1/cmr/m/n/10 confirmed $\OML/cmm/m/it/10 r$\T1/cmr/m/n/10 -value) use \T1/cmt
t/m/n/10 CORRELATES_WITH\T1/cmr/m/n/10 ;
 []


Underfull \hbox (badness 10000) in paragraph at lines 185--196
\T1/cmr/m/n/10 text co-mention feature$\OMS/cmsy/m/n/10 !$\T1/cmr/m/n/10 diseas
e edges use
 []


Underfull \hbox (badness 10000) in paragraph at lines 185--196
\T1/cmtt/m/n/10 ASSOCIATED_WITH\T1/cmr/m/n/10 ; signed microbe$\OMS/cmsy/m/n/10
 !$\T1/cmr/m/n/10 disease edges
 []


Underfull \hbox (badness 10000) in paragraph at lines 185--196
\T1/cmr/m/n/10 use \T1/cmtt/m/n/10 POSITIVELY_/NEGATIVELY_CORRELATED_WITH\T1/cm
r/m/n/10 ;
 []


Underfull \hbox (badness 10000) in paragraph at lines 185--196
\T1/cmr/m/n/10 struc-tural edges use \T1/cmtt/m/n/10 MEASURED_AT\T1/cmr/m/n/10 
,
 []


Underfull \hbox (badness 10000) in paragraph at lines 185--196
\T1/cmtt/m/n/10 ACQUIRED_VIA\T1/cmr/m/n/10 , \T1/cmtt/m/n/10 REPRESENTED_BY\T1/
cmr/m/n/10 . The
 []


Underfull \hbox (badness 10000) in paragraph at lines 185--196
\T1/cmtt/m/n/10 CORRELATES_WITH\T1/cmr/m/n/10 /\T1/cmtt/m/n/10 ASSOCIATED_WITH 
\T1/cmr/m/n/10 dis-tinc-tion
 []


Underfull \hbox (badness 1308) in paragraph at lines 185--196
\T1/cmr/m/n/10 pre-serves evidence-level se-man-tics across the graph
 []


Underfull \hbox (badness 1087) in paragraph at lines 185--196
\T1/cmr/m/n/10 that only share dis-ease con-text are writ-ten to an
 []


Underfull \hbox (badness 1142) in paragraph at lines 215--221
\T1/cmr/m/n/10 imaging-phenotype ter-mi-nol-ogy to canon-i-cal names;
 []


Underfull \hbox (badness 7944) in paragraph at lines 215--221
\T1/cmr/m/n/10 mi-cro-bial NER uses \T1/cmtt/m/n/10 d4data/biomedical-ner-all
 []


Underfull \hbox (badness 6284) in paragraph at lines 215--221
\T1/cmr/m/n/10 on Ap-ple Sil-i-con MPS, dis-ease NER uses the
 []


Underfull \hbox (badness 1281) in paragraph at lines 215--221
\T1/cmtt/m/n/10 en_ner_bc5cdr_md \T1/cmr/m/n/10 spaCy pipeline; a shared span-
 []


Underfull \hbox (badness 7759) in paragraph at lines 222--226
[]\T1/cmr/m/n/10 The \T1/cmr/bx/n/10 Vi-sion Track \T1/cmr/m/n/10 ad-dresses th
e figure-data
 []


Underfull \hbox (badness 3930) in paragraph at lines 235--241
\T1/cmr/m/n/10 pooled, L2-normalized; FAISS where avail-able,
 []


Underfull \hbox (badness 1147) in paragraph at lines 242--251
\T1/cmr/m/n/10 ac-cept set $\OMS/cmsy/m/n/10 f$\T1/cmr/m/n/10 T005 Virus, T007 
Bac-terium, T194
 []


Underfull \hbox (badness 7151) in paragraph at lines 242--251
\T1/cmr/m/n/10 grounded to ``Bac-te-ria'' T007) and the typo
 []

[2]
Underfull \hbox (badness 10000) in paragraph at lines 260--271
[]\T1/cmr/bx/n/10 Evaluation (gold bench-mark). \T1/cmr/m/n/10 A
 []


Underfull \hbox (badness 10000) in paragraph at lines 260--271
\T1/cmr/m/n/10 5-stratum sam-pler (\T1/cmtt/m/n/10 accepted_edge\T1/cmr/m/n/10 
,
 []


Underfull \hbox (badness 10000) in paragraph at lines 260--271
\T1/cmtt/m/n/10 random_co_occurrence\T1/cmr/m/n/10 ) drawn de-ter-min-is-ti-cal
ly
 []


Underfull \hbox (badness 1460) in paragraph at lines 276--297
\T1/cmr/m/n/10 loads into Neo4j through a thin driver loader; a
 []


Underfull \vbox (badness 10000) has occurred while \output is active []


Underfull \hbox (badness 10000) in paragraph at lines 311--313
[]\T1/cmr/bx/n/10 74 \T1/cmtt/m/n/10 ASSOCIATED_WITH \T1/cmr/m/n/10 phenotype$\
OMS/cmsy/m/n/10 !$\T1/cmr/m/n/10 disease edges
 []


Underfull \hbox (badness 2158) in paragraph at lines 311--313
\T1/cmr/m/n/10 (Gem-ini full-consistency 0.916 on the ex-panded
 []


Underfull \hbox (badness 4024) in paragraph at lines 316--321
[]\T1/cmr/bx/n/10 7 \T1/cmtt/m/n/10 CORRELATES_WITH \T1/cmr/m/n/10 microbe$\OMS
/cmsy/m/n/10 !$\T1/cmr/m/n/10 feature edges \T1/cmr/m/it/10 af-
 []


Underfull \hbox (badness 4686) in paragraph at lines 316--321
\T1/cmr/m/it/10 ter \T1/cmr/m/n/10 rec-on-cil-i-a-tion (ź[]4.3[]): 1 vi-sion (\
T1/cmr/m/it/10 Pre-votella
 []


Underfull \hbox (badness 3746) in paragraph at lines 316--321
\T1/cmr/m/it/10 ni-grescens $\OMS/cmsy/m/n/10 !$ \T1/cmr/m/n/10 GLCM_Correlatio
n, $\OML/cmm/m/it/10 r \OT1/cmr/m/n/10 = 0\OML/cmm/m/it/10 :\OT1/cmr/m/n/10 95$
\T1/cmr/m/n/10 ,
 []


Underfull \hbox (badness 1082) in paragraph at lines 323--328
[]\T1/cmr/bx/n/10 189 \T1/cmr/m/n/10 rec-on-ciled re-la-tion-ship rows over \T1
/cmr/bx/n/10 99 \T1/cmr/m/n/10 nodes.
 []


Underfull \hbox (badness 1694) in paragraph at lines 330--339
\T1/cmr/m/n/10 to-end three-hop paths through fea-tures that also
 []


Underfull \hbox (badness 4518) in paragraph at lines 330--339
\T1/cmr/m/it/10 to-coc-cus stom-a-tis$\OMS/cmsy/m/n/10 !$\T1/cmr/m/n/10 skeleta
l_muscle_index (7), \T1/cmr/m/it/10 Eu-
 []

[3]
Underfull \hbox (badness 1082) in paragraph at lines 364--382
[]\T1/cmr/m/n/10 Three de-ter-min-is-tic pre-verifier gates were added
 []


Underfull \hbox (badness 2894) in paragraph at lines 364--382
\T1/cmr/m/n/10 u-lary; auto-fails \T1/cmtt/m/n/10 log fold change\T1/cmr/m/n/10
 , \T1/cmtt/m/n/10 LFC\T1/cmr/m/n/10 , \T1/cmtt/m/n/10 z-score\T1/cmr/m/n/10 ,
 []


Underfull \hbox (badness 7576) in paragraph at lines 364--382
\T1/cmtt/m/n/10 differential abundance\T1/cmr/m/n/10 ); a \T1/cmr/bx/n/10 color
bar-detection
 []


Underfull \hbox (badness 3954) in paragraph at lines 383--396
[]\T1/cmr/m/n/10 This re-frames the vi-sion con-tri-bu-tion hon-estly.
 []


Underfull \hbox (badness 1019) in paragraph at lines 408--418
\T1/cmr/m/n/10 annotator tem-po-ral win-dow be-tween Pass-1 (closed
 []


Underfull \vbox (badness 10000) has occurred while \output is active []


Underfull \hbox (badness 6559) in paragraph at lines 426--435
\T1/cmr/m/n/10 a cus-tom Dis-til-BERT (BNER2.0) on a pro-pri-
 []


Underfull \hbox (badness 10000) in paragraph at lines 426--435
\T1/cmr/m/n/10 use \T1/cmtt/m/n/10 d4data/biomedical-ner-all \T1/cmr/m/n/10 (mi
-crobe) and
 []


Underfull \hbox (badness 4518) in paragraph at lines 426--435
\T1/cmr/m/n/10 on phy-lum/genus/species dis-am-bigua-tion, par-tially
 []


Underfull \hbox (badness 1466) in paragraph at lines 436--442
\T1/cmr/m/n/10 BioMistral-AUG-7B (weights un-re-leased). We use
 []


Underfull \hbox (badness 10000) in paragraph at lines 460--461
[]\T1/cmr/m/n/9 Substitute iden-ti-fied;
 []


Underfull \hbox (badness 10000) in paragraph at lines 461--462
[]\T1/cmr/m/n/9 BC5CDR com-pet-i-tive;
 []


Underfull \hbox (badness 10000) in paragraph at lines 462--463
[]\T1/cmr/m/n/9 Self-consistency 0.916;
 []


Underfull \hbox (badness 10000) in paragraph at lines 462--463
\T1/cmr/m/n/9 fine-tune path doc-u-
 []


Underfull \hbox (badness 6016) in paragraph at lines 463--464
[]\T1/cmr/bx/n/9 Closed & ex-ceeded
 []


Underfull \hbox (badness 10000) in paragraph at lines 464--465
[]\T1/cmr/bx/n/9 Closed \T1/cmr/m/n/9 (Mod-ern-BERT
 []


Underfull \hbox (badness 10000) in paragraph at lines 465--465
[]\T1/cmr/m/n/9 Vision mono-cul-
 []


Underfull \hbox (badness 10000) in paragraph at lines 465--468
\T1/cmr/m/n/9 au-dit + rec-on-cil-i-a-tion
 []


Underfull \vbox (badness 1194) has occurred while \output is active []

 [4]
Underfull \hbox (badness 1975) in paragraph at lines 483--487
\T1/cmr/bx/n/10 Demographic het-ero-gene-ity. \T1/cmr/m/n/10 Body-composition
 []


Underfull \hbox (badness 1178) in paragraph at lines 495--500
\T1/cmr/bx/n/10 Observational only. \T1/cmr/m/n/10 The graph en-codes as-so-ci-

 []


Underfull \vbox (badness 10000) has occurred while \output is active []


Underfull \hbox (badness 5985) in paragraph at lines 529--536
\T1/cmr/bx/n/10 Reproducibility. \T1/cmr/m/n/10 Code, tests, the rec-on-ciled
 []

[5] (./paper_sanomap_radiomics_layer.aux)
 ***********
LaTeX2e <2025-11-01>
L3 programming layer <2026-01-19>
 ***********
Package rerunfilecheck Info: File `paper_sanomap_radiomics_layer.out' has not c
hanged.
(rerunfilecheck)             Checksum: EED920772E672532223207EC3FB75E3B;2953.
 ) 
Here is how much of TeX's memory you used:
 10312 strings out of 469006
 155648 string characters out of 5454814
 584814 words of memory out of 5000000
 38869 multiletter control sequences out of 15000+600000
 645642 words of font info for 87 fonts, out of 8000000 for 9000
 319 hyphenation exceptions out of 8191
 75i,11n,79p,332b,585s stack positions out of 10000i,1000n,20000p,200000b,200000s
 </Users/junlee/Library/texlive/2026basic/texmf-var/fonts/pk/ljfour/jknappen/
ec/ecrm0700.600pk> </Users/junlee/Library/texlive/2026basic/texmf-var/fonts/pk/
ljfour/jknappen/ec/tcrm1000.600pk> </Users/junlee/Library/texlive/2026basic/tex
mf-var/fonts/pk/ljfour/jknappen/ec/ecti0900.600pk> </Users/junlee/Library/texli
ve/2026basic/texmf-var/fonts/pk/ljfour/jknappen/ec/ectt1000.600pk> </Users/junl
ee/Library/texlive/2026basic/texmf-var/fonts/pk/ljfour/jknappen/ec/ecti1000.600
pk> </Users/junlee/Library/texlive/2026basic/texmf-var/fonts/pk/ljfour/jknappen
/ec/ecbx1000.600pk> </Users/junlee/Library/texlive/2026basic/texmf-var/fonts/pk
/ljfour/jknappen/ec/ecrm1000.600pk> </Users/junlee/Library/texlive/2026basic/te
xmf-var/fonts/pk/ljfour/jknappen/ec/ecbx1200.600pk> </Users/junlee/Library/texl
ive/2026basic/texmf-var/fonts/pk/ljfour/jknappen/ec/ecbx0900.600pk> </Users/jun
lee/Library/texlive/2026basic/texmf-var/fonts/pk/ljfour/jknappen/ec/ectt0900.60
0pk> </Users/junlee/Library/texlive/2026basic/texmf-var/fonts/pk/ljfour/jknappe
n/ec/ecrm0900.600pk> </Users/junlee/Library/texlive/2026basic/texmf-var/fonts/p
k/ljfour/jknappen/ec/ecrm1200.600pk> </Users/junlee/Library/texlive/2026basic/t
exmf-var/fonts/pk/ljfour/jknappen/ec/ecbx1728.600pk></usr/local/texlive/2026bas
ic/texmf-dist/fonts/type1/public/amsfonts/cm/cmmi10.pfb></usr/local/texlive/202
6basic/texmf-dist/fonts/type1/public/amsfonts/cm/cmmi9.pfb></usr/local/texlive/
2026basic/texmf-dist/fonts/type1/public/amsfonts/cm/cmr10.pfb></usr/local/texli
ve/2026basic/texmf-dist/fonts/type1/public/amsfonts/cm/cmr7.pfb></usr/local/tex
live/2026basic/texmf-dist/fonts/type1/public/amsfonts/cm/cmsy10.pfb></usr/local
/texlive/2026basic/texmf-dist/fonts/type1/public/amsfonts/cm/cmsy9.pfb>
Output written on paper_sanomap_radiomics_layer.pdf (5 pages, 218739 bytes).
PDF statistics:
 676 PDF objects out of 1000 (max. 8388607)
 182 compressed objects within 2 object streams
 30 named destinations out of 1000 (max. 500000)
 145 words of extra memory for PDF output out of 10000 (max. 10000000)

